2017-01-04 08:26:54,755 :: INFO :: Fin du programme demandée par l'utilisateur
2017-01-04 08:26:54,765 :: INFO :: Socket closed
2017-01-04 08:26:54,765 :: DEBUG :: Fin du thread pour la connexion
2017-01-04 08:26:54,767 :: INFO :: Connexion sql closed
2017-01-04 08:53:56,483 :: INFO :: ##################################################
2017-01-04 08:53:56,484 :: INFO :: #######         Lancement du serveur        ######
2017-01-04 08:53:56,484 :: INFO :: ##################################################
2017-01-04 08:53:56,494 :: INFO :: Serveur prêt
2017-01-04 08:53:56,501 :: INFO :: Attente d'une nouvelle connexion
2017-01-04 08:53:57,608 :: INFO :: Attente d'une nouvelle connexion
2017-01-04 08:53:57,611 :: INFO :: Client connecté, adresse IP 150.16.21.50, port 11091
2017-01-04 08:53:57,620 :: INFO :: Message Recu : 410420430440
2017-01-04 08:53:58,141 :: INFO :: Message Recu : 410420430440
2017-01-04 08:53:58,661 :: INFO :: Message Recu : 410420430440
2017-01-04 08:53:59,184 :: INFO :: Message Recu : 410420430440
2017-01-04 08:53:59,687 :: INFO :: Message Recu : 410420430440
2017-01-04 08:54:00,190 :: INFO :: Message Recu : 410420430440
2017-01-04 08:54:00,702 :: INFO :: Message Recu : 410420430440
2017-01-04 08:54:01,206 :: INFO :: Message Recu : 410420430440
2017-01-04 08:54:01,709 :: INFO :: Message Recu : 410420430440
2017-01-04 08:54:02,213 :: INFO :: Message Recu : 410420430440
2017-01-04 08:54:02,716 :: INFO :: Message Recu : 410420430440
2017-01-04 08:54:03,220 :: INFO :: Message Recu : 410420430440
2017-01-04 08:54:03,723 :: INFO :: Message Recu : 410420430440
2017-01-04 08:54:04,226 :: INFO :: Message Recu : 410420430440
2017-01-04 08:54:04,730 :: INFO :: Message Recu : 410420430440
2017-01-04 08:54:05,233 :: INFO :: Message Recu : 410420430440
2017-01-04 08:54:05,736 :: INFO :: Message Recu : 410420430440
2017-01-04 08:54:06,241 :: INFO :: Message Recu : 410420430440
2017-01-04 08:54:06,747 :: INFO :: Message Recu : 410420430440
2017-01-04 08:54:07,252 :: INFO :: Message Recu : 410420430440
2017-01-04 08:54:07,756 :: INFO :: Message Recu : 410420430440
2017-01-04 08:54:08,259 :: INFO :: Message Recu : 410420430440
2017-01-04 08:54:08,763 :: INFO :: Message Recu : 410420430440
2017-01-04 08:54:09,288 :: INFO :: Message Recu : 410420430440
2017-01-04 08:54:09,791 :: INFO :: Message Recu : 410420430440
2017-01-04 08:54:10,295 :: INFO :: Message Recu : 410420430440
2017-01-04 08:54:10,798 :: INFO :: Message Recu : 410420430440
2017-01-04 08:54:11,308 :: INFO :: Message Recu : 410420430440
2017-01-04 08:54:11,816 :: INFO :: Message Recu : 410420430440
2017-01-04 08:54:12,319 :: INFO :: Message Recu : 410420430440
2017-01-04 08:54:12,823 :: INFO :: Message Recu : 410420430440
2017-01-04 08:54:13,328 :: INFO :: Message Recu : 410420430440
2017-01-04 08:54:13,833 :: INFO :: Message Recu : 410420430440
2017-01-04 08:54:14,336 :: INFO :: Message Recu : 410420430440
2017-01-04 08:54:14,840 :: INFO :: Message Recu : 410420430440
2017-01-04 08:54:15,344 :: INFO :: Message Recu : 410420430440
2017-01-04 08:54:15,848 :: INFO :: Message Recu : 410420430440
2017-01-04 08:54:16,357 :: INFO :: Message Recu : 410420430440
2017-01-04 08:54:16,860 :: INFO :: Message Recu : 410420430440
2017-01-04 08:54:17,363 :: INFO :: Message Recu : 410420430440
2017-01-04 08:54:17,867 :: INFO :: Message Recu : 410420430440
2017-01-04 08:54:18,371 :: INFO :: Message Recu : 410420430440
2017-01-04 08:54:18,874 :: INFO :: Message Recu : 410420430440
2017-01-04 08:54:19,378 :: INFO :: Message Recu : 410420430440
2017-01-04 08:54:19,881 :: INFO :: Message Recu : 410420430440
2017-01-04 08:54:20,386 :: INFO :: Message Recu : 410420430440
2017-01-04 08:54:20,889 :: INFO :: Message Recu : 410420430440
2017-01-04 08:54:21,393 :: INFO :: Message Recu : 410420430440
2017-01-04 08:54:21,901 :: INFO :: Message Recu : 410420430440
2017-01-04 08:54:22,404 :: INFO :: Message Recu : 410420430440
2017-01-04 08:54:22,910 :: INFO :: Message Recu : 411421430440
2017-01-04 08:54:23,415 :: INFO :: Message Recu : 411421430440
2017-01-04 08:54:23,918 :: INFO :: Message Recu : 411421430440
2017-01-04 08:54:24,427 :: INFO :: Message Recu : 411421430440
2017-01-04 08:54:24,932 :: INFO :: Message Recu : 411421430440
2017-01-04 08:54:25,435 :: INFO :: Message Recu : 411421430440
2017-01-04 08:54:25,938 :: INFO :: Message Recu : 411421430440
2017-01-04 08:54:26,444 :: INFO :: Message Recu : 411421430440
2017-01-04 08:54:26,947 :: INFO :: Message Recu : 411421430440
2017-01-04 08:54:27,451 :: INFO :: Message Recu : 411420430440
2017-01-04 08:54:27,956 :: INFO :: Message Recu : 411420430440
2017-01-04 08:54:28,460 :: INFO :: Message Recu : 411420430440
2017-01-04 08:54:28,963 :: INFO :: Message Recu : 411420430440
2017-01-04 08:54:29,483 :: INFO :: Message Recu : 411420430440
2017-01-04 08:54:29,988 :: INFO :: Message Recu : 411420430440
2017-01-04 08:54:30,496 :: INFO :: Message Recu : 411420430440
2017-01-04 08:54:31,000 :: INFO :: Message Recu : 411420430440
2017-01-04 08:54:31,507 :: INFO :: Message Recu : 411420430440
2017-01-04 08:54:32,010 :: INFO :: Message Recu : 411420430440
2017-01-04 08:54:32,518 :: INFO :: Message Recu : 411420430440
2017-01-04 08:54:33,047 :: INFO :: Message Recu : 411421430440
2017-01-04 08:54:33,553 :: INFO :: Message Recu : 410421430440
2017-01-04 08:54:34,060 :: INFO :: Message Recu : 410421430440
2017-01-04 08:54:34,563 :: INFO :: Message Recu : 410421430440
2017-01-04 08:54:35,066 :: INFO :: Message Recu : 410421430440
2017-01-04 08:54:35,569 :: INFO :: Message Recu : 410421430440
2017-01-04 08:54:36,073 :: INFO :: Message Recu : 410421430440
2017-01-04 08:54:36,576 :: INFO :: Message Recu : 410421430440
2017-01-04 08:54:37,081 :: INFO :: Message Recu : 410421430440
2017-01-04 08:54:37,584 :: INFO :: Message Recu : 410421430440
2017-01-04 08:54:38,087 :: INFO :: Message Recu : 410421430440
2017-01-04 08:54:38,591 :: INFO :: Message Recu : 410421430440
2017-01-04 08:54:39,094 :: INFO :: Message Recu : 410421430440
2017-01-04 08:54:39,603 :: INFO :: Message Recu : 410421430440
2017-01-04 08:54:40,107 :: INFO :: Message Recu : 411421430440
2017-01-04 08:54:40,614 :: INFO :: Message Recu : 411421430440
2017-01-04 08:54:41,120 :: INFO :: Message Recu : 411421430440
2017-01-04 08:54:41,623 :: INFO :: Message Recu : 411421430440
2017-01-04 08:54:42,126 :: INFO :: Message Recu : 411421430440
2017-01-04 08:54:42,631 :: INFO :: Message Recu : 411421430440
2017-01-04 08:54:43,136 :: INFO :: Message Recu : 411421430440
2017-01-04 08:54:43,639 :: INFO :: Message Recu : 411421430440
2017-01-04 08:54:44,143 :: INFO :: Message Recu : 411421430440
2017-01-04 08:54:44,646 :: INFO :: Message Recu : 411421430440
2017-01-04 08:54:45,149 :: INFO :: Message Recu : 411421430440
2017-01-04 08:54:45,653 :: INFO :: Message Recu : 411420430440
2017-01-04 08:54:46,156 :: INFO :: Message Recu : 411420430440
2017-01-04 08:54:46,661 :: INFO :: Message Recu : 411420430440
2017-01-04 08:54:47,164 :: INFO :: Message Recu : 410420430440
2017-01-04 08:54:47,670 :: INFO :: Message Recu : 410420430440
2017-01-04 08:54:48,173 :: INFO :: Message Recu : 410420430440
2017-01-04 08:54:48,676 :: INFO :: Message Recu : 410420430440
2017-01-04 08:54:49,180 :: INFO :: Message Recu : 410420430440
2017-01-04 08:54:49,684 :: INFO :: Message Recu : 410420430440
2017-01-04 08:54:50,187 :: INFO :: Message Recu : 410420430440
2017-01-04 08:54:50,690 :: INFO :: Message Recu : 410421430440
2017-01-04 08:54:51,193 :: INFO :: Message Recu : 410421430440
2017-01-04 08:54:51,696 :: INFO :: Message Recu : 410421430440
2017-01-04 08:54:52,208 :: INFO :: Message Recu : 410421430440
2017-01-04 08:54:52,714 :: INFO :: Message Recu : 410421430440
2017-01-04 08:54:53,220 :: INFO :: Message Recu : 410421430440
2017-01-04 08:54:53,729 :: INFO :: Message Recu : 410421430440
2017-01-04 08:54:54,232 :: INFO :: Message Recu : 410421430440
2017-01-04 08:54:54,739 :: INFO :: Message Recu : 410421430440
2017-01-04 08:54:55,242 :: INFO :: Message Recu : 410421430440
2017-01-04 08:54:55,745 :: INFO :: Message Recu : 410421430440
2017-01-04 08:54:56,249 :: INFO :: Message Recu : 410421430440
2017-01-04 08:54:56,752 :: INFO :: Message Recu : 410421430440
2017-01-04 08:54:57,256 :: INFO :: Message Recu : 410421430440
2017-01-04 08:54:57,759 :: INFO :: Message Recu : 410421430440
2017-01-04 08:54:58,263 :: INFO :: Message Recu : 410421430440
2017-01-04 08:54:58,767 :: INFO :: Message Recu : 410421430440
2017-01-04 08:54:59,272 :: INFO :: Message Recu : 410421430440
2017-01-04 08:54:59,776 :: INFO :: Message Recu : 410421430440
2017-01-04 08:55:00,286 :: INFO :: Message Recu : 410421430441
2017-01-04 08:55:00,798 :: INFO :: Message Recu : 410421430441
2017-01-04 08:55:01,304 :: INFO :: Message Recu : 410420430441
2017-01-04 08:55:01,807 :: INFO :: Message Recu : 410420430441
2017-01-04 08:55:02,314 :: INFO :: Message Recu : 410420430441
2017-01-04 08:55:02,817 :: INFO :: Message Recu : 410420430441
2017-01-04 08:55:03,321 :: INFO :: Message Recu : 410420430441
2017-01-04 08:55:03,825 :: INFO :: Message Recu : 410420430441
2017-01-04 08:55:04,330 :: INFO :: Message Recu : 410420430441
2017-01-04 08:55:04,834 :: INFO :: Message Recu : 410420430441
2017-01-04 08:55:05,337 :: INFO :: Message Recu : 410420430441
2017-01-04 08:55:05,840 :: INFO :: Message Recu : 410420430440
2017-01-04 08:55:06,348 :: INFO :: Message Recu : 410420430440
2017-01-04 08:55:06,852 :: INFO :: Message Recu : 410420430440
2017-01-04 08:55:07,355 :: INFO :: Message Recu : 410420430440
2017-01-04 08:55:07,858 :: INFO :: Message Recu : 410420430440
2017-01-04 08:55:08,375 :: INFO :: Message Recu : 410420430440
2017-01-04 08:55:08,878 :: INFO :: Message Recu : 410420430440
2017-01-04 08:55:09,382 :: INFO :: Message Recu : 410420430440
2017-01-04 08:55:09,886 :: INFO :: Message Recu : 410420430440
2017-01-04 08:55:10,389 :: INFO :: Message Recu : 410420430440
2017-01-04 08:55:10,893 :: INFO :: Message Recu : 410420430440
2017-01-04 08:55:11,396 :: INFO :: Message Recu : 410420430441
2017-01-04 08:55:11,899 :: INFO :: Message Recu : 410420430441
2017-01-04 08:55:12,402 :: INFO :: Message Recu : 410420430441
2017-01-04 08:55:12,906 :: INFO :: Message Recu : 410420430441
2017-01-04 08:55:13,409 :: INFO :: Message Recu : 410420430441
2017-01-04 08:55:13,912 :: INFO :: Message Recu : 410420430441
2017-01-04 08:55:14,418 :: INFO :: Message Recu : 410420430441
2017-01-04 08:55:14,922 :: INFO :: Message Recu : 410420430441
2017-01-04 08:55:15,427 :: INFO :: Message Recu : 410420430441
2017-01-04 08:55:15,932 :: INFO :: Message Recu : 410420430441
2017-01-04 08:55:16,439 :: INFO :: Message Recu : 410420430441
2017-01-04 08:55:16,942 :: INFO :: Message Recu : 410420430441
2017-01-04 08:55:17,445 :: INFO :: Message Recu : 410420430441
2017-01-04 08:55:17,948 :: INFO :: Message Recu : 410420430441
2017-01-04 08:55:18,453 :: INFO :: Message Recu : 410420430440
2017-01-04 08:55:18,956 :: INFO :: Message Recu : 410420430440
2017-01-04 08:55:19,460 :: INFO :: Message Recu : 410420430440
2017-01-04 08:55:19,963 :: INFO :: Message Recu : 410420430440
2017-01-04 08:55:20,470 :: INFO :: Message Recu : 410420430440
2017-01-04 08:55:20,973 :: INFO :: Message Recu : 410420430440
2017-01-04 08:55:21,477 :: INFO :: Message Recu : 410420430440
2017-01-04 08:55:21,980 :: INFO :: Message Recu : 410420430440
2017-01-04 08:55:22,484 :: INFO :: Message Recu : 410420430440
2017-01-04 08:55:22,987 :: INFO :: Message Recu : 410420430440
2017-01-04 08:55:23,494 :: INFO :: Message Recu : 410420430440
2017-01-04 08:55:23,997 :: INFO :: Message Recu : 410420430441
2017-01-04 08:55:24,501 :: INFO :: Message Recu : 410420430441
2017-01-04 08:55:25,004 :: INFO :: Message Recu : 410420430441
2017-01-04 08:55:25,507 :: INFO :: Message Recu : 410420430441
2017-01-04 08:55:26,010 :: INFO :: Message Recu : 410420430441
2017-01-04 08:55:26,517 :: INFO :: Message Recu : 410420430441
2017-01-04 08:55:27,023 :: INFO :: Message Recu : 410420430441
2017-01-04 08:55:27,526 :: INFO :: Message Recu : 410420430441
2017-01-04 08:55:28,030 :: INFO :: Message Recu : 410420430440
2017-01-04 08:55:28,542 :: INFO :: Message Recu : 410420430440
2017-01-04 08:55:29,045 :: INFO :: Message Recu : 410420430440
2017-01-04 08:55:29,549 :: INFO :: Message Recu : 410420430440
2017-01-04 08:55:30,052 :: INFO :: Message Recu : 410420430440
2017-01-04 08:55:30,555 :: INFO :: Message Recu : 410420430440
2017-01-04 08:55:31,059 :: INFO :: Message Recu : 410420430440
2017-01-04 08:55:31,562 :: INFO :: Message Recu : 410420430440
2017-01-04 08:55:32,065 :: INFO :: Message Recu : 410420430440
2017-01-04 08:55:32,573 :: INFO :: Message Recu : 410420430440
2017-01-04 08:55:33,079 :: INFO :: Message Recu : 410420430440
2017-01-04 08:55:33,582 :: INFO :: Message Recu : 410420430440
2017-01-04 08:55:34,085 :: INFO :: Message Recu : 410420430440
2017-01-04 08:55:34,591 :: INFO :: Message Recu : 410420430440
2017-01-04 08:55:35,095 :: INFO :: Message Recu : 410420430440
2017-01-04 08:55:35,599 :: INFO :: Message Recu : 410420430440
2017-01-04 08:55:36,102 :: INFO :: Message Recu : 410420430440
2017-01-04 08:55:36,605 :: INFO :: Message Recu : 410420430440
2017-01-04 08:55:37,108 :: INFO :: Message Recu : 410420430440
2017-01-04 08:55:37,611 :: INFO :: Message Recu : 410420430440
2017-01-04 08:55:38,115 :: INFO :: Message Recu : 410420430440
2017-01-04 08:55:38,619 :: INFO :: Message Recu : 410420430440
2017-01-04 08:55:39,122 :: INFO :: Message Recu : 410420430440
2017-01-04 08:55:39,626 :: INFO :: Message Recu : 410420430440
2017-01-04 08:55:40,130 :: INFO :: Message Recu : 410420430440
2017-01-04 08:55:40,633 :: INFO :: Message Recu : 410420430440
2017-01-04 08:55:41,137 :: INFO :: Message Recu : 410420430440
2017-01-04 08:55:41,652 :: INFO :: Message Recu : 410420430440
2017-01-04 08:55:42,032 :: INFO :: Fin du programme demandée par l'utilisateur
2017-01-04 08:55:42,036 :: INFO :: Socket closed
2017-01-04 08:55:42,037 :: DEBUG :: Fin du thread pour la connexion
2017-01-04 08:55:42,037 :: INFO :: Connexion sql closed
2017-01-04 08:57:28,646 :: INFO :: ##################################################
2017-01-04 08:57:28,646 :: INFO :: #######         Lancement du serveur        ######
2017-01-04 08:57:28,647 :: INFO :: ##################################################
2017-01-04 08:57:28,655 :: INFO :: Serveur prêt
2017-01-04 08:57:28,661 :: INFO :: Attente d'une nouvelle connexion
2017-01-04 08:57:30,251 :: INFO :: Attente d'une nouvelle connexion
2017-01-04 08:57:30,254 :: INFO :: Client connecté, adresse IP 150.16.21.50, port 6824
2017-01-04 08:57:30,257 :: INFO :: Message Recu : 410420430440
2017-01-04 08:57:30,762 :: INFO :: Message Recu : 410420430440
2017-01-04 08:57:31,265 :: INFO :: Message Recu : 410420430440
2017-01-04 08:57:31,768 :: INFO :: Message Recu : 410420430440
2017-01-04 08:57:32,272 :: INFO :: Message Recu : 410420430440
2017-01-04 08:57:32,776 :: INFO :: Message Recu : 410420430440
2017-01-04 08:57:33,282 :: INFO :: Message Recu : 410420430440
2017-01-04 08:57:33,788 :: INFO :: Message Recu : 410420430440
2017-01-04 08:57:34,291 :: INFO :: Message Recu : 410420430440
2017-01-04 08:57:34,795 :: INFO :: Message Recu : 410420430440
2017-01-04 08:57:35,298 :: INFO :: Message Recu : 410420430440
2017-01-04 08:57:35,804 :: INFO :: Message Recu : 410420430440
2017-01-04 08:57:36,307 :: INFO :: Message Recu : 410420430440
2017-01-04 08:57:36,814 :: INFO :: Message Recu : 410420430440
2017-01-04 08:57:37,317 :: INFO :: Message Recu : 410420430440
2017-01-04 08:57:37,821 :: INFO :: Message Recu : 410420430440
2017-01-04 08:57:38,237 :: INFO :: Fin du programme demandée par l'utilisateur
2017-01-04 08:57:38,241 :: INFO :: Socket closed
2017-01-04 08:57:38,242 :: DEBUG :: Fin du thread pour la connexion
2017-01-04 08:57:38,244 :: INFO :: Connexion sql closed
2017-01-04 09:00:34,316 :: INFO :: ##################################################
2017-01-04 09:00:34,317 :: INFO :: #######         Lancement du serveur        ######
2017-01-04 09:00:34,317 :: INFO :: ##################################################
2017-01-04 09:00:34,326 :: INFO :: Serveur prêt
2017-01-04 09:00:34,331 :: INFO :: Attente d'une nouvelle connexion
2017-01-04 09:00:35,061 :: INFO :: Attente d'une nouvelle connexion
2017-01-04 09:00:35,064 :: INFO :: Client connecté, adresse IP 150.16.21.50, port 27596
2017-01-04 09:00:35,072 :: INFO :: Message Recu : 410420430440
2017-01-04 09:00:35,660 :: INFO :: Message Recu : 410420430440
2017-01-04 09:00:36,183 :: INFO :: Message Recu : 410420430440
2017-01-04 09:00:36,330 :: INFO :: Attente d'une nouvelle connexion
2017-01-04 09:00:36,333 :: INFO :: Client connecté, adresse IP 150.16.21.41, port 6471
2017-01-04 09:00:36,337 :: INFO :: Message Recu : 451461470
2017-01-04 09:00:36,705 :: INFO :: Message Recu : 410420430440
2017-01-04 09:00:36,843 :: INFO :: Message Recu : 451461470
2017-01-04 09:00:37,227 :: INFO :: Message Recu : 410420430440
2017-01-04 09:00:37,346 :: INFO :: Message Recu : 451461470
2017-01-04 09:00:37,734 :: INFO :: Message Recu : 410420430440
2017-01-04 09:00:37,853 :: INFO :: Message Recu : 451461470
2017-01-04 09:00:38,240 :: INFO :: Message Recu : 410420430440
2017-01-04 09:00:38,364 :: INFO :: Message Recu : 451461470
2017-01-04 09:00:38,748 :: INFO :: Message Recu : 410420430440
2017-01-04 09:00:38,901 :: INFO :: Message Recu : 451461470
2017-01-04 09:00:39,258 :: INFO :: Message Recu : 410420430440
2017-01-04 09:00:39,421 :: INFO :: Message Recu : 451461470
2017-01-04 09:00:39,768 :: INFO :: Message Recu : 410420430440
2017-01-04 09:00:39,954 :: INFO :: Message Recu : 451461470
2017-01-04 09:00:40,276 :: INFO :: Message Recu : 410420430440
2017-01-04 09:00:40,465 :: INFO :: Message Recu : 451461470
2017-01-04 09:00:40,780 :: INFO :: Message Recu : 410420430440
2017-01-04 09:00:40,987 :: INFO :: Message Recu : 451461470
2017-01-04 09:00:41,283 :: INFO :: Message Recu : 410420430440
2017-01-04 09:00:41,491 :: INFO :: Message Recu : 451461470
2017-01-04 09:00:41,788 :: INFO :: Message Recu : 410420430440
2017-01-04 09:00:41,994 :: INFO :: Message Recu : 451461470
2017-01-04 09:00:42,307 :: INFO :: Message Recu : 410420430440
2017-01-04 09:00:42,509 :: INFO :: Message Recu : 451461470
2017-01-04 09:00:42,820 :: INFO :: Message Recu : 410420430440
2017-01-04 09:00:43,012 :: INFO :: Message Recu : 451461470
2017-01-04 09:00:43,330 :: INFO :: Message Recu : 410420430440
2017-01-04 09:00:43,515 :: INFO :: Message Recu : 451461470
2017-01-04 09:00:43,834 :: INFO :: Message Recu : 410420430440
2017-01-04 09:00:44,023 :: INFO :: Message Recu : 451461470
2017-01-04 09:00:44,341 :: INFO :: Message Recu : 410420430440
2017-01-04 09:00:44,527 :: INFO :: Message Recu : 451461470
2017-01-04 09:00:44,853 :: INFO :: Message Recu : 410420430440
2017-01-04 09:00:45,033 :: INFO :: Message Recu : 451461470
2017-01-04 09:00:45,368 :: INFO :: Message Recu : 410420430440
2017-01-04 09:00:45,540 :: INFO :: Message Recu : 451461470
2017-01-04 09:00:45,877 :: INFO :: Message Recu : 410420430440
2017-01-04 09:00:46,043 :: INFO :: Message Recu : 451461470
2017-01-04 09:00:46,386 :: INFO :: Message Recu : 410420430440
2017-01-04 09:00:46,546 :: INFO :: Message Recu : 451461470
2017-01-04 09:00:46,890 :: INFO :: Message Recu : 410420430440
2017-01-04 09:00:47,052 :: INFO :: Message Recu : 451461470
2017-01-04 09:00:47,399 :: INFO :: Message Recu : 410420430440
2017-01-04 09:00:47,555 :: INFO :: Message Recu : 451461470
2017-01-04 09:00:47,905 :: INFO :: Message Recu : 410420430440
2017-01-04 09:00:48,060 :: INFO :: Message Recu : 450461470
2017-01-04 09:00:48,430 :: INFO :: Message Recu : 410420430440
2017-01-04 09:00:48,563 :: INFO :: Message Recu : 450461470
2017-01-04 09:00:48,939 :: INFO :: Message Recu : 410420430440
2017-01-04 09:00:49,070 :: INFO :: Message Recu : 450461470
2017-01-04 09:00:49,447 :: INFO :: Message Recu : 410420430440
2017-01-04 09:00:49,576 :: INFO :: Message Recu : 450461470
2017-01-04 09:00:49,958 :: INFO :: Message Recu : 410420430440
2017-01-04 09:00:50,080 :: INFO :: Message Recu : 450461470
2017-01-04 09:00:50,482 :: INFO :: Message Recu : 410420430440
2017-01-04 09:00:50,599 :: INFO :: Message Recu : 450461470
2017-01-04 09:00:50,986 :: INFO :: Message Recu : 410420430440
2017-01-04 09:00:51,104 :: INFO :: Message Recu : 450461470
2017-01-04 09:00:51,504 :: INFO :: Message Recu : 410420430440
2017-01-04 09:00:51,607 :: INFO :: Message Recu : 450461470
2017-01-04 09:00:52,007 :: INFO :: Message Recu : 410420430440
2017-01-04 09:00:52,110 :: INFO :: Message Recu : 450461470
2017-01-04 09:00:52,510 :: INFO :: Message Recu : 410420430440
2017-01-04 09:00:52,620 :: INFO :: Message Recu : 450461470
2017-01-04 09:00:53,016 :: INFO :: Message Recu : 410420430440
2017-01-04 09:00:53,124 :: INFO :: Message Recu : 450461470
2017-01-04 09:00:53,524 :: INFO :: Message Recu : 410420430440
2017-01-04 09:00:53,629 :: INFO :: Message Recu : 450461470
2017-01-04 09:00:54,028 :: INFO :: Message Recu : 410420430440
2017-01-04 09:00:54,132 :: INFO :: Message Recu : 450461470
2017-01-04 09:00:54,535 :: INFO :: Message Recu : 410420430440
2017-01-04 09:00:54,636 :: INFO :: Message Recu : 450461470
2017-01-04 09:00:55,038 :: INFO :: Message Recu : 410420430440
2017-01-04 09:00:55,143 :: INFO :: Message Recu : 450461470
2017-01-04 09:00:55,541 :: INFO :: Message Recu : 410420430440
2017-01-04 09:00:55,650 :: INFO :: Message Recu : 450461470
2017-01-04 09:00:56,045 :: INFO :: Message Recu : 410420430440
2017-01-04 09:00:56,153 :: INFO :: Message Recu : 450461470
2017-01-04 09:00:56,553 :: INFO :: Message Recu : 410420430440
2017-01-04 09:00:56,660 :: INFO :: Message Recu : 450461470
2017-01-04 09:00:57,060 :: INFO :: Message Recu : 410420430440
2017-01-04 09:00:57,167 :: INFO :: Message Recu : 450461470
2017-01-04 09:00:57,565 :: INFO :: Message Recu : 410420430440
2017-01-04 09:00:57,671 :: INFO :: Message Recu : 450461470
2017-01-04 09:00:58,069 :: INFO :: Message Recu : 410420430440
2017-01-04 09:00:58,175 :: INFO :: Message Recu : 450461470
2017-01-04 09:00:58,573 :: INFO :: Message Recu : 410420430440
2017-01-04 09:00:58,687 :: INFO :: Message Recu : 450461470
2017-01-04 09:00:59,083 :: INFO :: Message Recu : 410420430440
2017-01-04 09:00:59,190 :: INFO :: Message Recu : 450461470
2017-01-04 09:00:59,588 :: INFO :: Message Recu : 410420430440
2017-01-04 09:00:59,698 :: INFO :: Message Recu : 450461470
2017-01-04 09:01:00,093 :: INFO :: Message Recu : 410420430440
2017-01-04 09:01:00,210 :: INFO :: Message Recu : 450461470
2017-01-04 09:01:00,598 :: INFO :: Message Recu : 410420430440
2017-01-04 09:01:00,725 :: INFO :: Message Recu : 450461470
2017-01-04 09:01:01,104 :: INFO :: Message Recu : 410420430440
2017-01-04 09:01:01,230 :: INFO :: Message Recu : 450461470
2017-01-04 09:01:01,609 :: INFO :: Message Recu : 410420430440
2017-01-04 09:01:01,733 :: INFO :: Message Recu : 450461470
2017-01-04 09:01:02,112 :: INFO :: Message Recu : 410420430440
2017-01-04 09:01:02,236 :: INFO :: Message Recu : 450461470
2017-01-04 09:01:02,620 :: INFO :: Message Recu : 410420430440
2017-01-04 09:01:02,740 :: INFO :: Message Recu : 450461470
2017-01-04 09:01:03,123 :: INFO :: Message Recu : 410420430440
2017-01-04 09:01:03,243 :: INFO :: Message Recu : 450461470
2017-01-04 09:01:03,630 :: INFO :: Message Recu : 410420430440
2017-01-04 09:01:03,746 :: INFO :: Message Recu : 450461470
2017-01-04 09:01:04,136 :: INFO :: Message Recu : 410420430440
2017-01-04 09:01:04,255 :: INFO :: Message Recu : 450461470
2017-01-04 09:01:04,644 :: INFO :: Message Recu : 410420430440
2017-01-04 09:01:04,758 :: INFO :: Message Recu : 450461470
2017-01-04 09:01:05,148 :: INFO :: Message Recu : 410420430440
2017-01-04 09:01:05,262 :: INFO :: Message Recu : 450461470
2017-01-04 09:01:05,652 :: INFO :: Message Recu : 410420430440
2017-01-04 09:01:05,765 :: INFO :: Message Recu : 450461470
2017-01-04 09:01:06,158 :: INFO :: Message Recu : 410420430440
2017-01-04 09:01:06,268 :: INFO :: Message Recu : 450461470
2017-01-04 09:01:06,671 :: INFO :: Message Recu : 410420430440
2017-01-04 09:01:06,773 :: INFO :: Message Recu : 450461470
2017-01-04 09:01:07,174 :: INFO :: Message Recu : 410420430440
2017-01-04 09:01:07,292 :: INFO :: Message Recu : 450461470
2017-01-04 09:01:07,677 :: INFO :: Message Recu : 410420430440
2017-01-04 09:01:07,797 :: INFO :: Message Recu : 450461470
2017-01-04 09:01:07,971 :: INFO :: Fin du programme demandée par l'utilisateur
2017-01-04 09:01:07,975 :: INFO :: Socket closed
2017-01-04 09:01:07,976 :: DEBUG :: Fin du thread pour la connexion
2017-01-04 09:01:07,976 :: INFO :: Connexion sql closed
2017-01-04 09:01:08,182 :: INFO :: Message Recu : 410420430440
2017-01-04 09:01:08,692 :: INFO :: Message Recu : 410420430440
2017-01-04 09:01:09,197 :: INFO :: Message Recu : 410420430440
2017-01-04 09:01:09,702 :: INFO :: Message Recu : 410420430440
2017-01-04 09:01:10,206 :: INFO :: Message Recu : 410420430440
2017-01-04 09:01:10,718 :: INFO :: Message Recu : 410420430440
2017-01-04 09:01:11,222 :: INFO :: Message Recu : 410420430440
2017-01-04 09:01:11,727 :: INFO :: Message Recu : 410420430440
2017-01-04 09:01:12,242 :: INFO :: Message Recu : 410420430440
2017-01-04 09:01:12,745 :: INFO :: Message Recu : 410420430440
2017-01-04 09:01:13,253 :: INFO :: Message Recu : 410420430440
2017-01-04 09:01:13,756 :: INFO :: Message Recu : 410420430440
2017-01-04 09:01:14,259 :: INFO :: Message Recu : 410420430440
2017-01-04 09:01:14,765 :: INFO :: Message Recu : 410420430440
2017-01-04 09:01:15,269 :: INFO :: Message Recu : 410420430440
2017-01-04 09:05:52,102 :: INFO :: ##################################################
2017-01-04 09:05:52,103 :: INFO :: #######         Lancement du serveur        ######
2017-01-04 09:05:52,103 :: INFO :: ##################################################
2017-01-04 09:05:52,112 :: INFO :: Serveur prêt
2017-01-04 09:05:52,118 :: INFO :: Attente d'une nouvelle connexion
2017-01-04 09:05:55,677 :: INFO :: Fin du programme demandée par l'utilisateur
2017-01-04 09:05:55,683 :: INFO :: Socket closed
2017-01-04 09:05:55,683 :: INFO :: Connexion sql closed
2017-01-04 09:06:58,290 :: INFO :: ##################################################
2017-01-04 09:06:58,290 :: INFO :: #######         Lancement du serveur        ######
2017-01-04 09:06:58,290 :: INFO :: ##################################################
2017-01-04 09:06:58,298 :: INFO :: Serveur prêt
2017-01-04 09:06:58,304 :: INFO :: Attente d'une nouvelle connexion
2017-01-04 09:06:59,315 :: INFO :: Client connecté, adresse IP 150.16.21.50, port 11438
2017-01-04 09:06:59,323 :: INFO :: Message Recu : 410420430440
2017-01-04 09:06:59,826 :: INFO :: Message Recu : 410420430440
2017-01-04 09:07:00,330 :: INFO :: Message Recu : 410420430440
2017-01-04 09:07:00,833 :: INFO :: Message Recu : 410420430440
2017-01-04 09:07:01,336 :: INFO :: Message Recu : 410420430440
2017-01-04 09:07:01,452 :: INFO :: Fin du programme demandée par l'utilisateur
2017-01-04 09:07:01,455 :: INFO :: Socket closed
2017-01-04 09:07:01,456 :: INFO :: Connexion sql closed
2017-01-04 09:07:01,835 :: DEBUG :: Sortie du thread de MAJ de la queue
2017-01-04 09:07:01,839 :: INFO :: Message Recu : 410420430440
2017-01-04 09:07:02,343 :: INFO :: Message Recu : 410420430440
2017-01-04 09:07:02,846 :: INFO :: Message Recu : 410420430440
2017-01-04 09:09:02,370 :: INFO :: ##################################################
2017-01-04 09:09:02,370 :: INFO :: #######         Lancement du serveur        ######
2017-01-04 09:09:02,370 :: INFO :: ##################################################
2017-01-04 09:09:02,379 :: INFO :: Serveur prêt
2017-01-04 09:09:02,384 :: INFO :: Attente d'une nouvelle connexion
2017-01-04 09:09:03,656 :: INFO :: Attente d'une nouvelle connexion
2017-01-04 09:09:03,659 :: INFO :: Client connecté, adresse IP 150.16.21.41, port 1922
2017-01-04 09:09:03,662 :: INFO :: Message Recu : 450461470
2017-01-04 09:09:03,784 :: INFO :: Attente d'une nouvelle connexion
2017-01-04 09:09:03,788 :: INFO :: Client connecté, adresse IP 150.16.21.50, port 32019
2017-01-04 09:09:03,796 :: INFO :: Message Recu : 410420430440
2017-01-04 09:09:04,165 :: INFO :: Message Recu : 450461470
2017-01-04 09:09:04,299 :: INFO :: Message Recu : 410420430440
2017-01-04 09:09:04,729 :: INFO :: Message Recu : 450461470
2017-01-04 09:09:04,803 :: INFO :: Message Recu : 410420430440
2017-01-04 09:09:05,257 :: INFO :: Message Recu : 450461470
2017-01-04 09:09:05,306 :: INFO :: Message Recu : 410420430440
2017-01-04 09:09:05,776 :: INFO :: Message Recu : 450461470
2017-01-04 09:09:05,813 :: INFO :: Message Recu : 410420430440
2017-01-04 09:09:06,297 :: INFO :: Message Recu : 450461470
2017-01-04 09:09:06,317 :: INFO :: Message Recu : 410420430440
2017-01-04 09:09:06,800 :: INFO :: Message Recu : 450461470
2017-01-04 09:09:06,820 :: INFO :: Message Recu : 410420430440
2017-01-04 09:09:07,307 :: INFO :: Message Recu : 450461470
2017-01-04 09:09:07,324 :: INFO :: Message Recu : 410420430440
2017-01-04 09:09:07,810 :: INFO :: Message Recu : 450461470
2017-01-04 09:09:07,828 :: INFO :: Message Recu : 410420430440
2017-01-04 09:09:08,315 :: INFO :: Message Recu : 450461470
2017-01-04 09:09:08,331 :: INFO :: Message Recu : 410420430440
2017-01-04 09:09:08,819 :: INFO :: Message Recu : 450461470
2017-01-04 09:09:08,834 :: INFO :: Message Recu : 410420430440
2017-01-04 09:09:09,324 :: INFO :: Message Recu : 450461470
2017-01-04 09:09:09,337 :: INFO :: Message Recu : 410420430440
2017-01-04 09:09:09,827 :: INFO :: Message Recu : 450461470
2017-01-04 09:09:09,840 :: INFO :: Message Recu : 410420430440
2017-01-04 09:09:10,332 :: INFO :: Message Recu : 450461470
2017-01-04 09:09:10,343 :: INFO :: Message Recu : 410420430440
2017-01-04 09:09:10,835 :: INFO :: Message Recu : 450461470
2017-01-04 09:09:10,849 :: INFO :: Message Recu : 410420430440
2017-01-04 09:09:11,342 :: INFO :: Message Recu : 450461470
2017-01-04 09:09:11,366 :: INFO :: Message Recu : 410420430440
2017-01-04 09:09:11,845 :: INFO :: Message Recu : 450461470
2017-01-04 09:09:11,869 :: INFO :: Message Recu : 410420430440
2017-01-04 09:09:12,349 :: INFO :: Message Recu : 450461470
2017-01-04 09:09:12,374 :: INFO :: Message Recu : 410420430440
2017-01-04 09:09:12,852 :: INFO :: Message Recu : 450461470
2017-01-04 09:09:12,881 :: INFO :: Message Recu : 410420430440
2017-01-04 09:09:13,355 :: INFO :: Message Recu : 450461470
2017-01-04 09:09:13,385 :: INFO :: Message Recu : 410420430440
2017-01-04 09:09:13,860 :: INFO :: Message Recu : 450461470
2017-01-04 09:09:13,888 :: INFO :: Message Recu : 410420430440
2017-01-04 09:09:14,366 :: INFO :: Message Recu : 450461470
2017-01-04 09:09:14,391 :: INFO :: Message Recu : 410420430440
2017-01-04 09:09:14,538 :: INFO :: Fin du programme demandée par l'utilisateur
2017-01-04 09:09:14,542 :: INFO :: Socket closed
2017-01-04 09:09:14,542 :: DEBUG :: Fin du thread pour la connexion
2017-01-04 09:09:14,543 :: INFO :: Connexion sql closed
2017-01-04 09:12:03,911 :: INFO :: ##################################################
2017-01-04 09:12:03,911 :: INFO :: #######         Lancement du serveur        ######
2017-01-04 09:12:03,911 :: INFO :: ##################################################
2017-01-04 09:12:03,920 :: INFO :: Serveur prêt
2017-01-04 09:12:03,938 :: INFO :: Attente d'une nouvelle connexion
2017-01-04 09:12:05,512 :: INFO :: Attente d'une nouvelle connexion
2017-01-04 09:12:05,516 :: INFO :: Client connecté, adresse IP 150.16.21.41, port 16014
2017-01-04 09:12:05,524 :: INFO :: Message Recu : 450461470
2017-01-04 09:12:05,603 :: INFO :: Attente d'une nouvelle connexion
2017-01-04 09:12:05,606 :: INFO :: Client connecté, adresse IP 150.16.21.50, port 13438
2017-01-04 09:12:05,611 :: INFO :: Message Recu : 410420430440
2017-01-04 09:12:06,028 :: INFO :: Message Recu : 450461470
2017-01-04 09:12:06,114 :: INFO :: Message Recu : 410420430440
2017-01-04 09:12:06,531 :: INFO :: Message Recu : 450461470
2017-01-04 09:12:06,620 :: INFO :: Message Recu : 410420430440
2017-01-04 09:12:07,034 :: INFO :: Message Recu : 450461470
2017-01-04 09:12:07,123 :: INFO :: Message Recu : 410420430440
2017-01-04 09:12:07,546 :: INFO :: Message Recu : 450461470
2017-01-04 09:12:07,627 :: INFO :: Message Recu : 410420430440
2017-01-04 09:12:08,049 :: INFO :: Message Recu : 450461470
2017-01-04 09:12:08,130 :: INFO :: Message Recu : 410420430440
2017-01-04 09:12:08,560 :: INFO :: Message Recu : 450461470
2017-01-04 09:12:08,633 :: INFO :: Message Recu : 410420430440
2017-01-04 09:12:09,067 :: INFO :: Message Recu : 450461470
2017-01-04 09:12:09,137 :: INFO :: Message Recu : 410420430440
2017-01-04 09:12:09,574 :: INFO :: Message Recu : 450461470
2017-01-04 09:12:09,646 :: INFO :: Message Recu : 410420430440
2017-01-04 09:12:10,077 :: INFO :: Message Recu : 450461470
2017-01-04 09:12:10,149 :: INFO :: Message Recu : 410420430440
2017-01-04 09:12:12,263 :: INFO :: Fin du programme demandée par l'utilisateur
2017-01-04 09:12:12,275 :: INFO :: Socket closed
2017-01-04 09:12:12,276 :: DEBUG :: Fin du thread pour la connexion
2017-01-04 09:12:12,277 :: INFO :: Connexion sql closed
2017-01-04 09:12:34,354 :: INFO :: ##################################################
2017-01-04 09:12:34,355 :: INFO :: #######         Lancement du serveur        ######
2017-01-04 09:12:34,355 :: INFO :: ##################################################
2017-01-04 09:12:34,363 :: INFO :: Serveur prêt
2017-01-04 09:12:34,368 :: INFO :: Attente d'une nouvelle connexion
2017-01-04 09:12:35,528 :: INFO :: Attente d'une nouvelle connexion
2017-01-04 09:12:35,532 :: INFO :: Client connecté, adresse IP 150.16.21.41, port 3548
2017-01-04 09:12:35,534 :: INFO :: Message Recu : 450461470
2017-01-04 09:12:35,599 :: INFO :: Attente d'une nouvelle connexion
2017-01-04 09:12:35,603 :: INFO :: Client connecté, adresse IP 150.16.21.50, port 10602
2017-01-04 09:12:35,610 :: INFO :: Message Recu : 410420430440
2017-01-04 09:12:36,037 :: INFO :: Message Recu : 450461470
2017-01-04 09:12:36,114 :: INFO :: Message Recu : 410420430440
2017-01-04 09:12:36,540 :: INFO :: Message Recu : 450461470
2017-01-04 09:12:36,618 :: INFO :: Message Recu : 410420430440
2017-01-04 09:12:37,045 :: INFO :: Message Recu : 450461470
2017-01-04 09:12:37,121 :: INFO :: Message Recu : 410420430440
2017-01-04 09:12:37,553 :: INFO :: Message Recu : 450461470
2017-01-04 09:12:37,627 :: INFO :: Message Recu : 410420430440
2017-01-04 09:12:38,057 :: INFO :: Message Recu : 450461470
2017-01-04 09:12:38,130 :: INFO :: Message Recu : 410420430440
2017-01-04 09:12:38,560 :: INFO :: Message Recu : 450461470
2017-01-04 09:12:38,634 :: INFO :: Message Recu : 410420430440
2017-01-04 09:12:39,063 :: INFO :: Message Recu : 450461470
2017-01-04 09:12:39,138 :: INFO :: Message Recu : 410420430440
2017-01-04 09:12:39,570 :: INFO :: Message Recu : 450461470
2017-01-04 09:12:39,645 :: INFO :: Message Recu : 410420430440
2017-01-04 09:12:40,074 :: INFO :: Message Recu : 450461470
2017-01-04 09:12:40,148 :: INFO :: Message Recu : 410420430440
2017-01-04 09:12:40,578 :: INFO :: Message Recu : 450461470
2017-01-04 09:12:40,651 :: INFO :: Message Recu : 410420430440
2017-01-04 09:12:41,081 :: INFO :: Message Recu : 450461470
2017-01-04 09:12:41,157 :: INFO :: Message Recu : 410420430440
2017-01-04 09:12:41,462 :: INFO :: Fin du programme demandée par l'utilisateur
2017-01-04 09:12:41,466 :: INFO :: Socket closed
2017-01-04 09:12:41,467 :: DEBUG :: Fin du thread pour la connexion
2017-01-04 09:12:41,468 :: INFO :: Connexion sql closed
2017-01-04 09:13:26,841 :: INFO :: ##################################################
2017-01-04 09:13:26,841 :: INFO :: #######         Lancement du serveur        ######
2017-01-04 09:13:26,842 :: INFO :: ##################################################
2017-01-04 09:13:26,850 :: INFO :: Serveur prêt
2017-01-04 09:13:26,855 :: INFO :: Attente d'une nouvelle connexion
2017-01-04 09:13:27,551 :: INFO :: Attente d'une nouvelle connexion
2017-01-04 09:13:27,555 :: INFO :: Client connecté, adresse IP 150.16.21.41, port 10446
2017-01-04 09:13:27,557 :: INFO :: Message Recu : 450461470
2017-01-04 09:13:27,687 :: INFO :: Attente d'une nouvelle connexion
2017-01-04 09:13:27,691 :: INFO :: Client connecté, adresse IP 150.16.21.50, port 24922
2017-01-04 09:13:27,696 :: INFO :: Message Recu : 410420430440
2017-01-04 09:13:28,143 :: INFO :: Message Recu : 450461470
2017-01-04 09:13:28,203 :: INFO :: Message Recu : 410420430440
2017-01-04 09:13:28,668 :: INFO :: Message Recu : 450461470
2017-01-04 09:13:28,714 :: INFO :: Message Recu : 410420430440
2017-01-04 09:13:29,188 :: INFO :: Message Recu : 450461470
2017-01-04 09:13:29,217 :: INFO :: Message Recu : 410420430440
2017-01-04 09:13:29,692 :: INFO :: Message Recu : 450461470
2017-01-04 09:13:29,720 :: INFO :: Message Recu : 410420430440
2017-01-04 09:13:30,195 :: INFO :: Message Recu : 450461470
2017-01-04 09:13:30,231 :: INFO :: Message Recu : 410420430440
2017-01-04 09:13:30,698 :: INFO :: Message Recu : 450461470
2017-01-04 09:13:30,734 :: INFO :: Message Recu : 410420430440
2017-01-04 09:13:31,204 :: INFO :: Message Recu : 450461470
2017-01-04 09:13:31,242 :: INFO :: Message Recu : 410420430440
2017-01-04 09:13:31,708 :: INFO :: Message Recu : 450461470
2017-01-04 09:13:31,745 :: INFO :: Message Recu : 410420430440
2017-01-04 09:13:32,211 :: INFO :: Message Recu : 450461470
2017-01-04 09:13:32,248 :: INFO :: Message Recu : 410420430440
2017-01-04 09:13:32,716 :: INFO :: Message Recu : 450461470
2017-01-04 09:13:32,751 :: INFO :: Message Recu : 410420430440
2017-01-04 09:13:33,221 :: INFO :: Message Recu : 450461470
2017-01-04 09:13:33,257 :: INFO :: Message Recu : 410420430440
2017-01-04 09:13:33,724 :: INFO :: Message Recu : 450461470
2017-01-04 09:13:33,764 :: INFO :: Message Recu : 410420430440
2017-01-04 09:13:34,227 :: INFO :: Message Recu : 450461470
2017-01-04 09:13:34,267 :: INFO :: Message Recu : 410420430440
2017-01-04 09:13:34,533 :: INFO :: Fin du programme demandée par l'utilisateur
2017-01-04 09:13:34,539 :: INFO :: Socket closed
2017-01-04 09:13:34,539 :: DEBUG :: Fin du thread pour la connexion
2017-01-04 09:13:34,540 :: INFO :: Connexion sql closed
2017-01-04 09:14:31,115 :: INFO :: ##################################################
2017-01-04 09:14:31,116 :: INFO :: #######         Lancement du serveur        ######
2017-01-04 09:14:31,116 :: INFO :: ##################################################
2017-01-04 09:14:31,124 :: INFO :: Serveur prêt
2017-01-04 09:14:31,129 :: INFO :: Attente d'une nouvelle connexion
2017-01-04 09:14:32,734 :: INFO :: Attente d'une nouvelle connexion
2017-01-04 09:14:32,737 :: INFO :: Client connecté, adresse IP 150.16.21.41, port 17254
2017-01-04 09:14:32,740 :: INFO :: Message Recu : 450461470
2017-01-04 09:14:32,780 :: INFO :: Attente d'une nouvelle connexion
2017-01-04 09:14:32,783 :: INFO :: Client connecté, adresse IP 150.16.21.50, port 13637
2017-01-04 09:14:32,786 :: INFO :: Message Recu : 410420430440
2017-01-04 09:14:33,853 :: INFO :: Attente d'une nouvelle connexion
2017-01-04 09:14:33,856 :: INFO :: Client connecté, adresse IP 150.16.21.41, port 17708
2017-01-04 09:14:33,859 :: INFO :: Message Recu : 450461470
2017-01-04 09:14:34,300 :: INFO :: Fin du programme demandée par l'utilisateur
2017-01-04 09:14:34,304 :: INFO :: Socket closed
2017-01-04 09:14:34,304 :: DEBUG :: Fin du thread pour la connexion
2017-01-04 09:14:34,305 :: INFO :: Connexion sql closed
2017-01-04 09:16:02,923 :: INFO :: ##################################################
2017-01-04 09:16:02,924 :: INFO :: #######         Lancement du serveur        ######
2017-01-04 09:16:02,924 :: INFO :: ##################################################
2017-01-04 09:16:02,932 :: INFO :: Serveur prêt
2017-01-04 09:16:02,938 :: INFO :: Attente d'une nouvelle connexion
2017-01-04 09:16:03,518 :: INFO :: Attente d'une nouvelle connexion
2017-01-04 09:16:03,521 :: INFO :: Client connecté, adresse IP 150.16.21.50, port 24228
2017-01-04 09:16:03,525 :: INFO :: Message Recu : 410420430440
2017-01-04 09:16:04,039 :: INFO :: Message Recu : 410420430440
2017-01-04 09:16:04,569 :: INFO :: Message Recu : 410420430440
2017-01-04 09:16:04,639 :: INFO :: Attente d'une nouvelle connexion
2017-01-04 09:16:04,642 :: INFO :: Client connecté, adresse IP 150.16.21.41, port 6491
2017-01-04 09:16:04,645 :: INFO :: Message Recu : 450461470
2017-01-04 09:16:05,074 :: INFO :: Message Recu : 410420430440
2017-01-04 09:16:05,148 :: INFO :: Message Recu : 450461470
2017-01-04 09:16:05,586 :: INFO :: Message Recu : 410420430440
2017-01-04 09:16:05,651 :: INFO :: Message Recu : 450461470
2017-01-04 09:16:06,089 :: INFO :: Message Recu : 410420430440
2017-01-04 09:16:06,155 :: INFO :: Message Recu : 450461470
2017-01-04 09:16:06,597 :: INFO :: Message Recu : 410420430440
2017-01-04 09:16:06,667 :: INFO :: Message Recu : 450461470
2017-01-04 09:16:07,114 :: INFO :: Message Recu : 410420430440
2017-01-04 09:16:07,171 :: INFO :: Message Recu : 450461470
2017-01-04 09:16:07,617 :: INFO :: Message Recu : 410420430440
2017-01-04 09:16:07,674 :: INFO :: Message Recu : 450461470
2017-01-04 09:16:08,120 :: INFO :: Message Recu : 410420430440
2017-01-04 09:16:08,182 :: INFO :: Message Recu : 450461470
2017-01-04 09:16:08,629 :: INFO :: Message Recu : 410420430440
2017-01-04 09:16:08,689 :: INFO :: Message Recu : 450461470
2017-01-04 09:16:09,133 :: INFO :: Message Recu : 410420430440
2017-01-04 09:16:09,192 :: INFO :: Message Recu : 450461470
2017-01-04 09:16:09,637 :: INFO :: Message Recu : 410420430440
2017-01-04 09:16:09,703 :: INFO :: Message Recu : 450461470
2017-01-04 09:16:10,141 :: INFO :: Message Recu : 410420430440
2017-01-04 09:16:10,214 :: INFO :: Message Recu : 450461470
2017-01-04 09:16:10,644 :: INFO :: Message Recu : 410420430440
2017-01-04 09:16:10,718 :: INFO :: Message Recu : 450461470
2017-01-04 09:16:11,149 :: INFO :: Message Recu : 410420430440
2017-01-04 09:16:11,221 :: INFO :: Message Recu : 450461470
2017-01-04 09:16:11,652 :: INFO :: Message Recu : 410420430440
2017-01-04 09:16:11,724 :: INFO :: Message Recu : 450461470
2017-01-04 09:16:12,155 :: INFO :: Message Recu : 410420430440
2017-01-04 09:16:12,229 :: INFO :: Message Recu : 450461470
2017-01-04 09:16:12,662 :: INFO :: Message Recu : 410420430440
2017-01-04 09:16:12,732 :: INFO :: Message Recu : 450461470
2017-01-04 09:16:13,166 :: INFO :: Message Recu : 410420430440
2017-01-04 09:16:13,236 :: INFO :: Message Recu : 450461470
2017-01-04 09:16:13,669 :: INFO :: Message Recu : 410420430440
2017-01-04 09:16:13,739 :: INFO :: Message Recu : 450461470
2017-01-04 09:16:14,172 :: INFO :: Message Recu : 410420430440
2017-01-04 09:16:14,245 :: INFO :: Message Recu : 450461470
2017-01-04 09:16:14,677 :: INFO :: Message Recu : 410420430440
2017-01-04 09:16:14,748 :: INFO :: Message Recu : 450461470
2017-01-04 09:16:15,204 :: INFO :: Message Recu : 410420430440
2017-01-04 09:16:15,254 :: INFO :: Message Recu : 450461470
2017-01-04 09:16:15,707 :: INFO :: Message Recu : 410420430440
2017-01-04 09:16:15,757 :: INFO :: Message Recu : 450461470
2017-01-04 09:16:16,211 :: INFO :: Message Recu : 410420430440
2017-01-04 09:16:16,262 :: INFO :: Message Recu : 450461470
2017-01-04 09:16:16,717 :: INFO :: Message Recu : 410420430440
2017-01-04 09:16:16,765 :: INFO :: Message Recu : 450461470
2017-01-04 09:16:17,220 :: INFO :: Message Recu : 410420430440
2017-01-04 09:16:17,269 :: INFO :: Message Recu : 450461470
2017-01-04 09:16:17,725 :: INFO :: Message Recu : 410420430440
2017-01-04 09:16:17,774 :: INFO :: Message Recu : 450461470
2017-01-04 09:16:18,228 :: INFO :: Message Recu : 410420430440
2017-01-04 09:16:18,278 :: INFO :: Message Recu : 450461470
2017-01-04 09:16:18,733 :: INFO :: Message Recu : 410420430440
2017-01-04 09:16:18,783 :: INFO :: Message Recu : 450461470
2017-01-04 09:16:19,238 :: INFO :: Message Recu : 410420430440
2017-01-04 09:16:19,286 :: INFO :: Message Recu : 450461470
2017-01-04 09:16:19,742 :: INFO :: Message Recu : 410420430440
2017-01-04 09:16:19,789 :: INFO :: Message Recu : 450461470
2017-01-04 09:16:20,245 :: INFO :: Message Recu : 410420430440
2017-01-04 09:16:20,293 :: INFO :: Message Recu : 450461470
2017-01-04 09:16:20,753 :: INFO :: Message Recu : 410420430440
2017-01-04 09:16:20,796 :: INFO :: Message Recu : 450461470
2017-01-04 09:16:21,256 :: INFO :: Message Recu : 410420430440
2017-01-04 09:16:21,300 :: INFO :: Message Recu : 450461470
2017-01-04 09:16:21,761 :: INFO :: Message Recu : 410420430440
2017-01-04 09:16:21,803 :: INFO :: Message Recu : 450461470
2017-01-04 09:16:22,266 :: INFO :: Message Recu : 410420430440
2017-01-04 09:16:22,309 :: INFO :: Message Recu : 450461471
2017-01-04 09:16:22,770 :: INFO :: Message Recu : 410420430440
2017-01-04 09:16:22,813 :: INFO :: Message Recu : 450461471
2017-01-04 09:16:23,275 :: INFO :: Message Recu : 410420430440
2017-01-04 09:16:23,316 :: INFO :: Message Recu : 450461471
2017-01-04 09:16:23,779 :: INFO :: Message Recu : 410420430440
2017-01-04 09:16:23,819 :: INFO :: Message Recu : 450461471
2017-01-04 09:16:24,284 :: INFO :: Message Recu : 410420430440
2017-01-04 09:16:24,328 :: INFO :: Message Recu : 450461471
2017-01-04 09:16:24,787 :: INFO :: Message Recu : 410420430440
2017-01-04 09:16:24,832 :: INFO :: Message Recu : 450461471
2017-01-04 09:16:25,290 :: INFO :: Message Recu : 410420430440
2017-01-04 09:16:25,339 :: INFO :: Message Recu : 450461471
2017-01-04 09:16:25,793 :: INFO :: Message Recu : 410420430440
2017-01-04 09:16:25,842 :: INFO :: Message Recu : 450461471
2017-01-04 09:16:26,298 :: INFO :: Message Recu : 410420430440
2017-01-04 09:16:26,349 :: INFO :: Message Recu : 450461471
2017-01-04 09:16:26,803 :: INFO :: Message Recu : 410420430440
2017-01-04 09:16:26,852 :: INFO :: Message Recu : 450461471
2017-01-04 09:16:27,306 :: INFO :: Message Recu : 410420430440
2017-01-04 09:16:27,355 :: INFO :: Message Recu : 450461471
2017-01-04 09:16:27,809 :: INFO :: Message Recu : 410420430440
2017-01-04 09:16:27,859 :: INFO :: Message Recu : 450461471
2017-01-04 09:16:28,317 :: INFO :: Message Recu : 410420430440
2017-01-04 09:16:28,366 :: INFO :: Message Recu : 450461471
2017-01-04 09:16:28,820 :: INFO :: Message Recu : 410420430440
2017-01-04 09:16:28,869 :: INFO :: Message Recu : 450461471
2017-01-04 09:16:29,324 :: INFO :: Message Recu : 410420430440
2017-01-04 09:16:29,372 :: INFO :: Message Recu : 450461471
2017-01-04 09:16:29,827 :: INFO :: Message Recu : 410420430440
2017-01-04 09:16:29,887 :: INFO :: Message Recu : 450461471
2017-01-04 09:16:30,331 :: INFO :: Message Recu : 410420430440
2017-01-04 09:16:30,395 :: INFO :: Message Recu : 450461471
2017-01-04 09:16:30,834 :: INFO :: Message Recu : 410420430440
2017-01-04 09:16:30,906 :: INFO :: Message Recu : 450461471
2017-01-04 09:16:31,340 :: INFO :: Message Recu : 410420430440
2017-01-04 09:16:31,410 :: INFO :: Message Recu : 450461471
2017-01-04 09:16:31,843 :: INFO :: Message Recu : 410420430440
2017-01-04 09:16:31,913 :: INFO :: Message Recu : 450461471
2017-01-04 09:16:32,349 :: INFO :: Message Recu : 410420430440
2017-01-04 09:16:32,419 :: INFO :: Message Recu : 450461471
2017-01-04 09:16:32,852 :: INFO :: Message Recu : 410420430440
2017-01-04 09:16:32,922 :: INFO :: Message Recu : 450461471
2017-01-04 09:16:33,355 :: INFO :: Message Recu : 410420430440
2017-01-04 09:16:33,427 :: INFO :: Message Recu : 450461471
2017-01-04 09:16:33,859 :: INFO :: Message Recu : 410420430440
2017-01-04 09:16:33,931 :: INFO :: Message Recu : 450461471
2017-01-04 09:16:34,362 :: INFO :: Message Recu : 410420430440
2017-01-04 09:16:34,434 :: INFO :: Message Recu : 450461471
2017-01-04 09:16:34,865 :: INFO :: Message Recu : 410420430440
2017-01-04 09:16:34,937 :: INFO :: Message Recu : 450461471
2017-01-04 09:16:35,372 :: INFO :: Message Recu : 410420430440
2017-01-04 09:16:35,440 :: INFO :: Message Recu : 450461471
2017-01-04 09:16:35,875 :: INFO :: Message Recu : 410420430440
2017-01-04 09:16:35,944 :: INFO :: Message Recu : 450461471
2017-01-04 09:16:36,382 :: INFO :: Message Recu : 410420430440
2017-01-04 09:16:36,450 :: INFO :: Message Recu : 450461471
2017-01-04 09:16:36,885 :: INFO :: Message Recu : 410420430440
2017-01-04 09:16:36,953 :: INFO :: Message Recu : 450461471
2017-01-04 09:16:37,391 :: INFO :: Message Recu : 410420430440
2017-01-04 09:16:37,456 :: INFO :: Message Recu : 450461471
2017-01-04 09:16:37,894 :: INFO :: Message Recu : 410420430440
2017-01-04 09:16:37,959 :: INFO :: Message Recu : 450461471
2017-01-04 09:16:38,400 :: INFO :: Message Recu : 410420430440
2017-01-04 09:16:38,465 :: INFO :: Message Recu : 450460471
2017-01-04 09:16:38,904 :: INFO :: Message Recu : 410420430440
2017-01-04 09:16:38,971 :: INFO :: Message Recu : 450460471
2017-01-04 09:16:39,407 :: INFO :: Message Recu : 410420430440
2017-01-04 09:16:39,474 :: INFO :: Message Recu : 450460471
2017-01-04 09:16:39,911 :: INFO :: Message Recu : 410420430440
2017-01-04 09:16:39,980 :: INFO :: Message Recu : 450460471
2017-01-04 09:16:40,415 :: INFO :: Message Recu : 410420430440
2017-01-04 09:16:40,483 :: INFO :: Message Recu : 450460471
2017-01-04 09:16:40,918 :: INFO :: Message Recu : 410420430440
2017-01-04 09:16:40,986 :: INFO :: Message Recu : 450460471
2017-01-04 09:16:41,422 :: INFO :: Message Recu : 410420430440
2017-01-04 09:16:41,489 :: INFO :: Message Recu : 450460471
2017-01-04 09:16:41,925 :: INFO :: Message Recu : 410420430440
2017-01-04 09:16:41,992 :: INFO :: Message Recu : 450460471
2017-01-04 09:16:42,430 :: INFO :: Message Recu : 410420430440
2017-01-04 09:16:42,497 :: INFO :: Message Recu : 450460471
2017-01-04 09:16:42,934 :: INFO :: Message Recu : 410420430440
2017-01-04 09:16:43,001 :: INFO :: Message Recu : 450460471
2017-01-04 09:16:43,442 :: INFO :: Message Recu : 410420430440
2017-01-04 09:16:43,504 :: INFO :: Message Recu : 450460471
2017-01-04 09:16:43,946 :: INFO :: Message Recu : 410420430440
2017-01-04 09:16:44,014 :: INFO :: Message Recu : 450460471
2017-01-04 09:16:44,449 :: INFO :: Message Recu : 410420430440
2017-01-04 09:16:44,518 :: INFO :: Message Recu : 450460471
2017-01-04 09:16:44,952 :: INFO :: Message Recu : 410420430440
2017-01-04 09:16:45,025 :: INFO :: Message Recu : 450460471
2017-01-04 09:16:45,456 :: INFO :: Message Recu : 410420430440
2017-01-04 09:16:45,531 :: INFO :: Message Recu : 450460471
2017-01-04 09:16:45,960 :: INFO :: Message Recu : 410420430440
2017-01-04 09:16:46,034 :: INFO :: Message Recu : 450460471
2017-01-04 09:16:46,465 :: INFO :: Message Recu : 410420430440
2017-01-04 09:16:46,537 :: INFO :: Message Recu : 450460471
2017-01-04 09:16:46,968 :: INFO :: Message Recu : 410420430440
2017-01-04 09:16:47,041 :: INFO :: Message Recu : 450460471
2017-01-04 09:16:47,472 :: INFO :: Message Recu : 410420430440
2017-01-04 09:16:47,545 :: INFO :: Message Recu : 450460471
2017-01-04 09:16:47,983 :: INFO :: Message Recu : 410420430440
2017-01-04 09:16:48,054 :: INFO :: Message Recu : 450460471
2017-01-04 09:16:48,488 :: INFO :: Message Recu : 410420430440
2017-01-04 09:16:48,560 :: INFO :: Message Recu : 450460471
2017-01-04 09:16:48,997 :: INFO :: Message Recu : 410420430440
2017-01-04 09:16:49,063 :: INFO :: Message Recu : 450460471
2017-01-04 09:16:49,502 :: INFO :: Message Recu : 410420430440
2017-01-04 09:16:49,567 :: INFO :: Message Recu : 450460471
2017-01-04 09:16:50,008 :: INFO :: Message Recu : 410420430440
2017-01-04 09:16:50,075 :: INFO :: Message Recu : 450460471
2017-01-04 09:16:50,512 :: INFO :: Message Recu : 410420430440
2017-01-04 09:16:50,581 :: INFO :: Message Recu : 450460471
2017-01-04 09:16:51,025 :: INFO :: Message Recu : 410420430440
2017-01-04 09:16:51,084 :: INFO :: Message Recu : 450460471
2017-01-04 09:16:51,530 :: INFO :: Message Recu : 410420430440
2017-01-04 09:16:51,591 :: INFO :: Message Recu : 450460471
2017-01-04 09:16:52,040 :: INFO :: Message Recu : 410420430440
2017-01-04 09:16:52,104 :: INFO :: Message Recu : 450460471
2017-01-04 09:16:52,553 :: INFO :: Message Recu : 410420430440
2017-01-04 09:16:52,623 :: INFO :: Message Recu : 450460471
2017-01-04 09:16:53,058 :: INFO :: Message Recu : 410420430440
2017-01-04 09:16:53,131 :: INFO :: Message Recu : 450460471
2017-01-04 09:16:53,573 :: INFO :: Message Recu : 410420430440
2017-01-04 09:16:53,635 :: INFO :: Message Recu : 450460471
2017-01-04 09:16:54,080 :: INFO :: Message Recu : 410420430440
2017-01-04 09:16:54,145 :: INFO :: Message Recu : 450460471
2017-01-04 09:16:54,584 :: INFO :: Message Recu : 410420430440
2017-01-04 09:16:54,649 :: INFO :: Message Recu : 450460471
2017-01-04 09:16:55,090 :: INFO :: Message Recu : 410420430440
2017-01-04 09:16:55,162 :: INFO :: Message Recu : 450460471
2017-01-04 09:16:55,596 :: INFO :: Message Recu : 410420430440
2017-01-04 09:16:55,669 :: INFO :: Message Recu : 450460471
2017-01-04 09:16:56,132 :: INFO :: Message Recu : 410420430440
2017-01-04 09:16:56,189 :: INFO :: Message Recu : 450460471
2017-01-04 09:16:56,636 :: INFO :: Message Recu : 410420430440
2017-01-04 09:16:56,704 :: INFO :: Message Recu : 450460471
2017-01-04 09:16:57,143 :: INFO :: Message Recu : 410420430440
2017-01-04 09:16:57,210 :: INFO :: Message Recu : 450460471
2017-01-04 09:16:57,668 :: INFO :: Message Recu : 410420430440
2017-01-04 09:16:57,717 :: INFO :: Message Recu : 450460471
2017-01-04 09:16:58,174 :: INFO :: Message Recu : 410420430440
2017-01-04 09:16:58,223 :: INFO :: Message Recu : 450460471
2017-01-04 09:16:58,681 :: INFO :: Message Recu : 410420430440
2017-01-04 09:16:58,729 :: INFO :: Message Recu : 450460471
2017-01-04 09:16:59,187 :: INFO :: Message Recu : 410420430440
2017-01-04 09:16:59,236 :: INFO :: Message Recu : 450460471
2017-01-04 09:16:59,692 :: INFO :: Message Recu : 410420430440
2017-01-04 09:16:59,760 :: INFO :: Message Recu : 450460471
2017-01-04 09:17:00,197 :: INFO :: Message Recu : 410420430440
2017-01-04 09:17:00,266 :: INFO :: Message Recu : 450460471
2017-01-04 09:17:00,702 :: INFO :: Message Recu : 410420430440
2017-01-04 09:17:00,777 :: INFO :: Message Recu : 450460471
2017-01-04 09:17:01,216 :: INFO :: Message Recu : 410420430440
2017-01-04 09:17:01,282 :: INFO :: Message Recu : 450460471
2017-01-04 09:17:01,720 :: INFO :: Message Recu : 410420430440
2017-01-04 09:17:01,789 :: INFO :: Message Recu : 450460471
2017-01-04 09:17:02,234 :: INFO :: Message Recu : 410420430440
2017-01-04 09:17:02,295 :: INFO :: Message Recu : 450460471
2017-01-04 09:17:02,747 :: INFO :: Message Recu : 410420430440
2017-01-04 09:17:02,798 :: INFO :: Message Recu : 450460471
2017-01-04 09:17:03,255 :: INFO :: Message Recu : 410420430440
2017-01-04 09:17:03,305 :: INFO :: Message Recu : 450460471
2017-01-04 09:17:03,758 :: INFO :: Message Recu : 410420430440
2017-01-04 09:17:03,821 :: INFO :: Message Recu : 450460471
2017-01-04 09:17:04,268 :: INFO :: Message Recu : 410420430440
2017-01-04 09:17:04,337 :: INFO :: Message Recu : 450460471
2017-01-04 09:17:04,774 :: INFO :: Message Recu : 410420430440
2017-01-04 09:17:04,845 :: INFO :: Message Recu : 451460471
2017-01-04 09:17:05,295 :: INFO :: Message Recu : 410420430440
2017-01-04 09:17:05,377 :: INFO :: Message Recu : 451460471
2017-01-04 09:17:05,817 :: INFO :: Message Recu : 410420430440
2017-01-04 09:17:05,896 :: INFO :: Message Recu : 451460471
2017-01-04 09:17:06,321 :: INFO :: Message Recu : 410420430440
2017-01-04 09:17:06,412 :: INFO :: Message Recu : 451460471
2017-01-04 09:17:06,836 :: INFO :: Message Recu : 410420430440
2017-01-04 09:17:06,920 :: INFO :: Message Recu : 451460471
2017-01-04 09:17:07,341 :: INFO :: Message Recu : 410420430440
2017-01-04 09:17:07,426 :: INFO :: Message Recu : 451460471
2017-01-04 09:17:07,850 :: INFO :: Message Recu : 410420430440
2017-01-04 09:17:07,938 :: INFO :: Message Recu : 451460471
2017-01-04 09:17:08,368 :: INFO :: Message Recu : 410420430440
2017-01-04 09:17:08,458 :: INFO :: Message Recu : 451460471
2017-01-04 09:17:08,873 :: INFO :: Message Recu : 410420430440
2017-01-04 09:17:08,968 :: INFO :: Message Recu : 451460471
2017-01-04 09:17:09,384 :: INFO :: Message Recu : 410420430440
2017-01-04 09:17:09,477 :: INFO :: Message Recu : 451460471
2017-01-04 09:17:09,907 :: INFO :: Message Recu : 410420430440
2017-01-04 09:17:09,990 :: INFO :: Message Recu : 451460471
2017-01-04 09:17:10,427 :: INFO :: Message Recu : 410420430440
2017-01-04 09:17:10,500 :: INFO :: Message Recu : 451460471
2017-01-04 09:17:10,933 :: INFO :: Message Recu : 410420430440
2017-01-04 09:17:11,009 :: INFO :: Message Recu : 451460471
2017-01-04 09:17:11,439 :: INFO :: Message Recu : 410420430440
2017-01-04 09:17:11,527 :: INFO :: Message Recu : 451460471
2017-01-04 09:17:11,946 :: INFO :: Message Recu : 410420430440
2017-01-04 09:17:12,033 :: INFO :: Message Recu : 451460471
2017-01-04 09:17:12,458 :: INFO :: Message Recu : 410420430440
2017-01-04 09:17:12,551 :: INFO :: Message Recu : 451460471
2017-01-04 09:17:12,963 :: INFO :: Message Recu : 410420430440
2017-01-04 09:17:13,063 :: INFO :: Message Recu : 451460470
2017-01-04 09:17:13,467 :: INFO :: Message Recu : 410420430440
2017-01-04 09:17:13,567 :: INFO :: Message Recu : 451460470
2017-01-04 09:17:13,972 :: INFO :: Message Recu : 410420430440
2017-01-04 09:17:14,071 :: INFO :: Message Recu : 451460470
2017-01-04 09:17:14,476 :: INFO :: Message Recu : 410420430440
2017-01-04 09:17:14,579 :: INFO :: Message Recu : 451460470
2017-01-04 09:17:14,979 :: INFO :: Message Recu : 410420430440
2017-01-04 09:17:15,082 :: INFO :: Message Recu : 451460470
2017-01-04 09:17:15,482 :: INFO :: Message Recu : 410420430440
2017-01-04 09:17:15,585 :: INFO :: Message Recu : 451460470
2017-01-04 09:17:15,986 :: INFO :: Message Recu : 410420430440
2017-01-04 09:17:16,089 :: INFO :: Message Recu : 451460470
2017-01-04 09:17:16,493 :: INFO :: Message Recu : 410420430440
2017-01-04 09:17:16,593 :: INFO :: Message Recu : 451460470
2017-01-04 09:17:17,026 :: INFO :: Message Recu : 410420430440
2017-01-04 09:17:17,103 :: INFO :: Message Recu : 451460470
2017-01-04 09:17:17,554 :: INFO :: Message Recu : 410420430440
2017-01-04 09:17:17,625 :: INFO :: Message Recu : 451460470
2017-01-04 09:17:18,080 :: INFO :: Message Recu : 410420430440
2017-01-04 09:17:18,130 :: INFO :: Message Recu : 451460470
2017-01-04 09:17:18,588 :: INFO :: Message Recu : 410420430440
2017-01-04 09:17:18,636 :: INFO :: Message Recu : 451460470
2017-01-04 09:17:19,096 :: INFO :: Message Recu : 410420430440
2017-01-04 09:17:19,139 :: INFO :: Message Recu : 451460470
2017-01-04 09:17:19,601 :: INFO :: Message Recu : 410420430440
2017-01-04 09:17:19,648 :: INFO :: Message Recu : 451460470
2017-01-04 09:17:20,114 :: INFO :: Message Recu : 410420430440
2017-01-04 09:17:20,170 :: INFO :: Message Recu : 451460470
2017-01-04 09:17:20,620 :: INFO :: Message Recu : 410420430440
2017-01-04 09:17:20,680 :: INFO :: Message Recu : 451460470
2017-01-04 09:17:21,124 :: INFO :: Message Recu : 410420430440
2017-01-04 09:17:21,183 :: INFO :: Message Recu : 451460470
2017-01-04 09:17:21,627 :: INFO :: Message Recu : 410420430440
2017-01-04 09:17:21,686 :: INFO :: Message Recu : 451460470
2017-01-04 09:17:22,131 :: INFO :: Message Recu : 410420430440
2017-01-04 09:17:22,194 :: INFO :: Message Recu : 451460470
2017-01-04 09:17:22,637 :: INFO :: Message Recu : 410420430440
2017-01-04 09:17:22,701 :: INFO :: Message Recu : 451460470
2017-01-04 09:17:23,140 :: INFO :: Message Recu : 410420430440
2017-01-04 09:17:23,204 :: INFO :: Message Recu : 451460470
2017-01-04 09:17:23,643 :: INFO :: Message Recu : 410420430440
2017-01-04 09:17:23,710 :: INFO :: Message Recu : 451460470
2017-01-04 09:17:24,146 :: INFO :: Message Recu : 410420430440
2017-01-04 09:17:24,217 :: INFO :: Message Recu : 451460470
2017-01-04 09:17:24,650 :: INFO :: Message Recu : 410420430440
2017-01-04 09:17:24,720 :: INFO :: Message Recu : 451460470
2017-01-04 09:17:25,153 :: INFO :: Message Recu : 410420430440
2017-01-04 09:17:25,223 :: INFO :: Message Recu : 451460470
2017-01-04 09:17:25,656 :: INFO :: Message Recu : 410420430440
2017-01-04 09:17:25,726 :: INFO :: Message Recu : 451460470
2017-01-04 09:17:26,161 :: INFO :: Message Recu : 410420430440
2017-01-04 09:17:26,232 :: INFO :: Message Recu : 451460470
2017-01-04 09:17:26,665 :: INFO :: Message Recu : 410420430440
2017-01-04 09:17:26,735 :: INFO :: Message Recu : 451460470
2017-01-04 09:17:27,168 :: INFO :: Message Recu : 410420430440
2017-01-04 09:17:27,238 :: INFO :: Message Recu : 451460470
2017-01-04 09:17:27,671 :: INFO :: Message Recu : 410420430440
2017-01-04 09:17:27,744 :: INFO :: Message Recu : 451460470
2017-01-04 09:17:28,174 :: INFO :: Message Recu : 410420430440
2017-01-04 09:17:28,248 :: INFO :: Message Recu : 451460470
2017-01-04 09:17:28,681 :: INFO :: Message Recu : 410420430440
2017-01-04 09:17:28,751 :: INFO :: Message Recu : 451460470
2017-01-04 09:17:29,184 :: INFO :: Message Recu : 410420430440
2017-01-04 09:17:29,254 :: INFO :: Message Recu : 451460470
2017-01-04 09:17:29,689 :: INFO :: Message Recu : 410420430440
2017-01-04 09:17:29,757 :: INFO :: Message Recu : 451460470
2017-01-04 09:17:30,194 :: INFO :: Message Recu : 410420430440
2017-01-04 09:17:30,260 :: INFO :: Message Recu : 451460470
2017-01-04 09:17:30,697 :: INFO :: Message Recu : 410420430440
2017-01-04 09:17:30,763 :: INFO :: Message Recu : 451460470
2017-01-04 09:17:31,200 :: INFO :: Message Recu : 410420430440
2017-01-04 09:17:31,267 :: INFO :: Message Recu : 451460470
2017-01-04 09:17:31,704 :: INFO :: Message Recu : 410420430440
2017-01-04 09:17:31,770 :: INFO :: Message Recu : 451460470
2017-01-04 09:17:32,212 :: INFO :: Message Recu : 410420430440
2017-01-04 09:17:32,288 :: INFO :: Message Recu : 451460470
2017-01-04 09:17:32,716 :: INFO :: Message Recu : 410420430440
2017-01-04 09:17:32,791 :: INFO :: Message Recu : 451460470
2017-01-04 09:17:33,219 :: INFO :: Message Recu : 410420430440
2017-01-04 09:17:33,294 :: INFO :: Message Recu : 451460470
2017-01-04 09:17:33,722 :: INFO :: Message Recu : 410420430440
2017-01-04 09:17:33,798 :: INFO :: Message Recu : 451460470
2017-01-04 09:17:34,228 :: INFO :: Message Recu : 410420430440
2017-01-04 09:17:34,301 :: INFO :: Message Recu : 451460470
2017-01-04 09:17:34,733 :: INFO :: Message Recu : 410420430440
2017-01-04 09:17:34,804 :: INFO :: Message Recu : 451460470
2017-01-04 09:17:35,236 :: INFO :: Message Recu : 410420430440
2017-01-04 09:17:35,308 :: INFO :: Message Recu : 451460470
2017-01-04 09:17:35,740 :: INFO :: Message Recu : 410420430440
2017-01-04 09:17:35,812 :: INFO :: Message Recu : 451460470
2017-01-04 09:17:36,244 :: INFO :: Message Recu : 410420430440
2017-01-04 09:17:36,322 :: INFO :: Message Recu : 451460470
2017-01-04 09:17:36,750 :: INFO :: Message Recu : 410420430440
2017-01-04 09:17:36,839 :: INFO :: Message Recu : 451460470
2017-01-04 09:17:37,254 :: INFO :: Message Recu : 410420430440
2017-01-04 09:17:37,348 :: INFO :: Message Recu : 451460470
2017-01-04 09:17:37,758 :: INFO :: Message Recu : 410420430440
2017-01-04 09:17:37,851 :: INFO :: Message Recu : 451460470
2017-01-04 09:17:38,270 :: INFO :: Message Recu : 410420430440
2017-01-04 09:17:38,357 :: INFO :: Message Recu : 451460470
2017-01-04 09:17:38,561 :: INFO :: Fin du programme demandée par l'utilisateur
2017-01-04 09:17:38,566 :: INFO :: Socket closed
2017-01-04 09:17:38,566 :: DEBUG :: Fin du thread pour la connexion
2017-01-04 09:17:38,567 :: INFO :: Connexion sql closed
